[WARNING] 2025-11-10 12:00:56,347 | django.server | "GET /static/frontend/css/style.css HTTP/1.1" 404 1880
[WARNING] 2025-11-10 12:00:56,550 | django.request | Not Found: /favicon.ico
[WARNING] 2025-11-10 12:00:56,564 | django.server | "GET /favicon.ico HTTP/1.1" 404 11320
[WARNING] 2025-11-10 12:01:23,707 | django.server | "GET /static/frontend/css/style.css HTTP/1.1" 404 1880
[WARNING] 2025-11-10 12:01:26,706 | django.server | "GET /static/frontend/css/style.css HTTP/1.1" 404 1880
[WARNING] 2025-11-10 12:01:32,236 | django.server | "GET /static/frontend/css/style.css HTTP/1.1" 404 1880
[WARNING] 2025-11-10 12:01:34,856 | django.server | "GET /static/frontend/css/style.css HTTP/1.1" 404 1880
[WARNING] 2025-11-10 12:01:53,013 | django.server | "GET /static/frontend/css/style.css HTTP/1.1" 404 1880
[WARNING] 2025-11-10 12:02:14,841 | django.server | "GET /static/accounts/default_avatar.png HTTP/1.1" 404 1895
[WARNING] 2025-11-10 12:02:54,614 | django.server | "GET /static/frontend/css/style_contro.css HTTP/1.1" 404 1901
[INFO] 2025-11-10 12:03:29,942 | googleapiclient.discovery_cache | file_cache is only supported with oauth2client<4.0.0
[INFO] 2025-11-10 12:03:30,452 | google_auth_httplib2 | Refreshing credentials due to a 401 response. Attempt 1/2.
[INFO] 2025-11-10 12:04:27,103 | googleapiclient.discovery_cache | file_cache is only supported with oauth2client<4.0.0
[INFO] 2025-11-10 12:04:27,406 | googleapiclient.discovery_cache | file_cache is only supported with oauth2client<4.0.0
[INFO] 2025-11-10 12:04:27,803 | google_auth_httplib2 | Refreshing credentials due to a 401 response. Attempt 1/2.
[INFO] 2025-11-10 12:05:19,975 | googleapiclient.discovery_cache | file_cache is only supported with oauth2client<4.0.0
[INFO] 2025-11-10 12:05:20,713 | google_auth_httplib2 | Refreshing credentials due to a 401 response. Attempt 1/2.
[INFO] 2025-11-10 12:05:28,260 | googleapiclient.discovery_cache | file_cache is only supported with oauth2client<4.0.0
[INFO] 2025-11-10 12:05:28,323 | googleapiclient.discovery_cache | file_cache is only supported with oauth2client<4.0.0
[INFO] 2025-11-10 12:05:28,768 | google_auth_httplib2 | Refreshing credentials due to a 401 response. Attempt 1/2.
[INFO] 2025-11-10 12:05:43,348 | googleapiclient.discovery_cache | file_cache is only supported with oauth2client<4.0.0
[INFO] 2025-11-10 12:05:43,738 | google_auth_httplib2 | Refreshing credentials due to a 401 response. Attempt 1/2.
[INFO] 2025-11-10 12:05:51,349 | googleapiclient.discovery_cache | file_cache is only supported with oauth2client<4.0.0
[INFO] 2025-11-10 12:05:52,092 | google_auth_httplib2 | Refreshing credentials due to a 401 response. Attempt 1/2.
[INFO] 2025-11-10 12:06:03,673 | googleapiclient.discovery_cache | file_cache is only supported with oauth2client<4.0.0
[INFO] 2025-11-10 12:06:03,732 | googleapiclient.discovery_cache | file_cache is only supported with oauth2client<4.0.0
[INFO] 2025-11-10 12:06:04,193 | google_auth_httplib2 | Refreshing credentials due to a 401 response. Attempt 1/2.
[INFO] 2025-11-10 12:06:17,685 | googleapiclient.discovery_cache | file_cache is only supported with oauth2client<4.0.0
[INFO] 2025-11-10 12:06:18,093 | google_auth_httplib2 | Refreshing credentials due to a 401 response. Attempt 1/2.
[INFO] 2025-11-10 12:06:21,251 | googleapiclient.discovery_cache | file_cache is only supported with oauth2client<4.0.0
[INFO] 2025-11-10 12:06:21,969 | google_auth_httplib2 | Refreshing credentials due to a 401 response. Attempt 1/2.
[INFO] 2025-11-10 12:06:28,666 | googleapiclient.discovery_cache | file_cache is only supported with oauth2client<4.0.0
[INFO] 2025-11-10 12:06:28,716 | googleapiclient.discovery_cache | file_cache is only supported with oauth2client<4.0.0
[INFO] 2025-11-10 12:06:29,289 | google_auth_httplib2 | Refreshing credentials due to a 401 response. Attempt 1/2.
[INFO] 2025-11-10 12:06:54,983 | googleapiclient.discovery_cache | file_cache is only supported with oauth2client<4.0.0
[INFO] 2025-11-10 12:06:55,382 | google_auth_httplib2 | Refreshing credentials due to a 401 response. Attempt 1/2.
[INFO] 2025-11-10 12:06:58,384 | googleapiclient.discovery_cache | file_cache is only supported with oauth2client<4.0.0
[INFO] 2025-11-10 12:06:59,121 | google_auth_httplib2 | Refreshing credentials due to a 401 response. Attempt 1/2.
[INFO] 2025-11-10 12:07:06,395 | googleapiclient.discovery_cache | file_cache is only supported with oauth2client<4.0.0
[INFO] 2025-11-10 12:07:06,437 | googleapiclient.discovery_cache | file_cache is only supported with oauth2client<4.0.0
[INFO] 2025-11-10 12:07:06,802 | google_auth_httplib2 | Refreshing credentials due to a 401 response. Attempt 1/2.
[INFO] 2025-11-10 12:07:40,466 | googleapiclient.discovery_cache | file_cache is only supported with oauth2client<4.0.0
[ERROR] 2025-11-10 12:07:41,872 | django.request | Internal Server Error: /dashboard/contributor/submit_content/uploadDraft
Traceback (most recent call last):
  File "C:\Users\gauri\AppData\Local\Programs\Python\Python310\lib\site-packages\django\core\handlers\exception.py", line 55, in inner
    response = get_response(request)
  File "C:\Users\gauri\AppData\Local\Programs\Python\Python310\lib\site-packages\django\core\handlers\base.py", line 197, in _get_response
    response = wrapped_callback(request, *callback_args, **callback_kwargs)
  File "C:\Users\gauri\AppData\Local\Programs\Python\Python310\lib\site-packages\django\views\decorators\csrf.py", line 65, in _view_wrapper
    return view_func(request, *args, **kwargs)
  File "C:\Users\gauri\IdeaProjects\oer\accounts\views\contributor\submit_content.py", line 281, in contributor_editor
    print("Topic name: " + topic_name)
TypeError: can only concatenate str (not "NoneType") to str
[ERROR] 2025-11-10 12:07:41,888 | django.server | "GET /dashboard/contributor/submit_content/uploadDraft HTTP/1.1" 500 77023
[INFO] 2025-11-10 12:07:54,373 | googleapiclient.discovery_cache | file_cache is only supported with oauth2client<4.0.0
[INFO] 2025-11-10 12:07:54,822 | googleapiclient.discovery_cache | file_cache is only supported with oauth2client<4.0.0
[INFO] 2025-11-10 12:07:55,257 | google_auth_httplib2 | Refreshing credentials due to a 401 response. Attempt 1/2.
[INFO] 2025-11-10 12:10:09,303 | googleapiclient.discovery_cache | file_cache is only supported with oauth2client<4.0.0
[INFO] 2025-11-10 12:10:09,773 | googleapiclient.discovery_cache | file_cache is only supported with oauth2client<4.0.0
[INFO] 2025-11-10 12:10:10,233 | google_auth_httplib2 | Refreshing credentials due to a 401 response. Attempt 1/2.
[INFO] 2025-11-10 12:10:51,421 | googleapiclient.discovery_cache | file_cache is only supported with oauth2client<4.0.0
[INFO] 2025-11-10 12:10:52,152 | google_auth_httplib2 | Refreshing credentials due to a 401 response. Attempt 1/2.
[INFO] 2025-11-10 12:10:58,981 | googleapiclient.discovery_cache | file_cache is only supported with oauth2client<4.0.0
[INFO] 2025-11-10 12:10:59,060 | googleapiclient.discovery_cache | file_cache is only supported with oauth2client<4.0.0
[INFO] 2025-11-10 12:10:59,444 | google_auth_httplib2 | Refreshing credentials due to a 401 response. Attempt 1/2.
[INFO] 2025-11-10 12:11:12,879 | googleapiclient.discovery_cache | file_cache is only supported with oauth2client<4.0.0
[INFO] 2025-11-10 12:11:13,351 | google_auth_httplib2 | Refreshing credentials due to a 401 response. Attempt 1/2.
[INFO] 2025-11-10 12:11:16,673 | googleapiclient.discovery_cache | file_cache is only supported with oauth2client<4.0.0
[INFO] 2025-11-10 12:11:17,351 | google_auth_httplib2 | Refreshing credentials due to a 401 response. Attempt 1/2.
[INFO] 2025-11-10 12:11:23,659 | googleapiclient.discovery_cache | file_cache is only supported with oauth2client<4.0.0
[INFO] 2025-11-10 12:11:23,723 | googleapiclient.discovery_cache | file_cache is only supported with oauth2client<4.0.0
[INFO] 2025-11-10 12:11:24,089 | google_auth_httplib2 | Refreshing credentials due to a 401 response. Attempt 1/2.
[INFO] 2025-11-10 12:11:37,068 | googleapiclient.discovery_cache | file_cache is only supported with oauth2client<4.0.0
[INFO] 2025-11-10 12:11:37,491 | google_auth_httplib2 | Refreshing credentials due to a 401 response. Attempt 1/2.
[INFO] 2025-11-10 12:11:40,074 | googleapiclient.discovery_cache | file_cache is only supported with oauth2client<4.0.0
[INFO] 2025-11-10 12:11:40,454 | google_auth_httplib2 | Refreshing credentials due to a 401 response. Attempt 1/2.
[INFO] 2025-11-10 12:11:43,548 | googleapiclient.discovery_cache | file_cache is only supported with oauth2client<4.0.0
[INFO] 2025-11-10 12:11:44,240 | google_auth_httplib2 | Refreshing credentials due to a 401 response. Attempt 1/2.
[INFO] 2025-11-10 12:11:51,229 | googleapiclient.discovery_cache | file_cache is only supported with oauth2client<4.0.0
[INFO] 2025-11-10 12:11:51,276 | googleapiclient.discovery_cache | file_cache is only supported with oauth2client<4.0.0
[INFO] 2025-11-10 12:11:51,669 | google_auth_httplib2 | Refreshing credentials due to a 401 response. Attempt 1/2.
[INFO] 2025-11-10 12:12:06,629 | googleapiclient.discovery_cache | file_cache is only supported with oauth2client<4.0.0
[INFO] 2025-11-10 12:12:07,396 | google_auth_httplib2 | Refreshing credentials due to a 401 response. Attempt 1/2.
[INFO] 2025-11-10 12:12:10,470 | googleapiclient.discovery_cache | file_cache is only supported with oauth2client<4.0.0
[INFO] 2025-11-10 12:12:11,133 | google_auth_httplib2 | Refreshing credentials due to a 401 response. Attempt 1/2.
[INFO] 2025-11-10 12:12:17,873 | googleapiclient.discovery_cache | file_cache is only supported with oauth2client<4.0.0
[INFO] 2025-11-10 12:12:17,985 | googleapiclient.discovery_cache | file_cache is only supported with oauth2client<4.0.0
[INFO] 2025-11-10 12:12:18,399 | google_auth_httplib2 | Refreshing credentials due to a 401 response. Attempt 1/2.
[WARNING] 2025-11-10 14:15:40,895 | django.server | "GET /static/frontend/css/style.css HTTP/1.1" 404 1880
[WARNING] 2025-11-10 14:15:41,172 | django.request | Not Found: /favicon.ico
[WARNING] 2025-11-10 14:15:41,175 | django.server | "GET /favicon.ico HTTP/1.1" 404 11320
[WARNING] 2025-11-10 14:16:21,264 | django.server | "GET /static/accounts/default_avatar.png HTTP/1.1" 404 1895
[INFO] 2025-11-10 14:16:47,410 | googleapiclient.discovery_cache | file_cache is only supported with oauth2client<4.0.0
[INFO] 2025-11-10 14:16:48,019 | google_auth_httplib2 | Refreshing credentials due to a 401 response. Attempt 1/2.
[INFO] 2025-11-10 14:17:20,464 | googleapiclient.discovery_cache | file_cache is only supported with oauth2client<4.0.0
[INFO] 2025-11-10 14:17:20,921 | googleapiclient.discovery_cache | file_cache is only supported with oauth2client<4.0.0
[INFO] 2025-11-10 14:17:21,348 | google_auth_httplib2 | Refreshing credentials due to a 401 response. Attempt 1/2.
[WARNING] 2025-11-10 19:32:03,072 | django.request | Not Found: /favicon.ico
[WARNING] 2025-11-10 19:32:03,102 | django.server | "GET /favicon.ico HTTP/1.1" 404 11320
[WARNING] 2025-11-10 19:32:06,943 | django.server | "GET /static/frontend/css/style.css HTTP/1.1" 404 1880
[WARNING] 2025-11-10 19:32:18,709 | django.server | "GET /static/accounts/default_avatar.png HTTP/1.1" 404 1895
[INFO] 2025-11-10 19:32:44,187 | googleapiclient.discovery_cache | file_cache is only supported with oauth2client<4.0.0
[INFO] 2025-11-10 19:32:44,822 | google_auth_httplib2 | Refreshing credentials due to a 401 response. Attempt 1/2.
[INFO] 2025-11-10 19:33:43,801 | googleapiclient.discovery_cache | file_cache is only supported with oauth2client<4.0.0
[INFO] 2025-11-10 19:33:44,061 | googleapiclient.discovery_cache | file_cache is only supported with oauth2client<4.0.0
[INFO] 2025-11-10 19:33:44,405 | google_auth_httplib2 | Refreshing credentials due to a 401 response. Attempt 1/2.
